2016-08-23 22:19:09  [ main:0 ] - [ INFO ]  要排序的数组：[8, 9, 5, 1, 8, 6, 3, 4, 2, 0]
2016-08-23 22:19:09  [ main:0 ] - [ INFO ]  第k大的元素是4
2016-08-23 22:19:45  [ main:0 ] - [ INFO ]  要排序的数组：[8, 9, 5, 1, 8, 6, 3, 4, 2, 0]
2016-08-23 22:19:45  [ main:0 ] - [ INFO ]  第k小的元素是4
2016-08-23 22:20:03  [ main:0 ] - [ INFO ]  要排序的数组：[8, 9, 5, 1, 8, 6, 3, 4, 2, 0]
2016-08-23 22:20:03  [ main:0 ] - [ INFO ]  第k小的元素是4
2016-08-23 22:20:14  [ main:0 ] - [ INFO ]  要排序的数组：[8, 9, 5, 1, 8, 6, 3, 4, 2, 0]
2016-08-23 22:20:14  [ main:15 ] - [ INFO ]  第k小的元素是4
2016-08-23 22:28:09  [ main:0 ] - [ INFO ]  要排序的数组：[8, 9, 5, 1, 8, 6, 3, 4, 2, 0]
2016-08-23 22:28:09  [ main:0 ] - [ INFO ]  第k小的元素是8
2016-08-23 22:29:59  [ main:0 ] - [ INFO ]  要排序的数组：[8, 9, 5, 1, 8, 6, 3, 4, 2, 0]
2016-08-23 22:31:47  [ main:16 ] - [ INFO ]  要排序的数组：[8, 9, 5, 1, 8, 6, 3, 4, 2, 0]
2016-08-23 22:31:47  [ main:16 ] - [ INFO ]  第k小的元素是8
2016-08-23 22:31:58  [ main:0 ] - [ INFO ]  要排序的数组：[8, 9, 5, 1, 8, 6, 3, 4, 2, 0]
2016-08-23 22:32:12  [ main:14246 ] - [ INFO ]  第k小的元素是8
2016-08-23 22:32:46  [ main:0 ] - [ INFO ]  要排序的数组：[8, 9, 5, 1, 8, 6, 3, 4, 2, 0]
2016-08-23 22:32:46  [ main:0 ] - [ INFO ]  第5小的元素是8
2016-08-23 22:33:14  [ main:0 ] - [ INFO ]  要排序的数组：[8, 9, 5, 1, 8, 6, 3, 4, 2, 0]
2016-08-23 22:34:21  [ main:67871 ] - [ INFO ]  第5小的元素是8
2016-08-23 22:34:26  [ main:0 ] - [ INFO ]  要排序的数组：[8, 9, 5, 1, 8, 6, 3, 4, 2, 0]
2016-08-23 22:46:42  [ main:0 ] - [ INFO ]  要排序的数组：[8, 9, 5, 1, 8, 6, 3, 4, 2, 0]
2016-08-23 22:46:42  [ main:0 ] - [ INFO ]  第5小的元素是8
2016-08-23 22:48:18  [ main:0 ] - [ INFO ]  要排序的数组：[8, 9, 5, 1, 8, 6, 3, 4, 2, 0]
2016-08-23 22:48:18  [ main:15 ] - [ INFO ]  第5小的元素是8
2016-08-23 22:50:12  [ main:0 ] - [ INFO ]  要排序的数组：[8, 9, 5, 1, 8, 6, 3, 4, 2, 0]
2016-08-23 22:51:40  [ main:0 ] - [ INFO ]  要排序的数组：[8, 9, 5, 1, 8, 6, 3, 4, 2, 0]
2016-08-23 22:51:40  [ main:0 ] - [ INFO ]  排序后的数组：6
2016-08-23 22:57:24  [ main:0 ] - [ INFO ]  要排序的数组：[8, 9, 5, 1, 8, 6, 3, 4, 2, 10]
2016-08-23 22:57:24  [ main:16 ] - [ INFO ]  排序后的数组：6
2016-08-23 22:57:54  [ main:0 ] - [ INFO ]  要排序的数组：[8, 9, 5, 1, 8, 6, 3, 4, 2, 10]
2016-08-23 22:57:54  [ main:16 ] - [ INFO ]  排序后的数组：8
2016-08-23 22:58:06  [ main:0 ] - [ INFO ]  要排序的数组：[8, 9, 5, 1, 8, 6, 3, 4, 2, 0]
2016-08-23 22:58:06  [ main:0 ] - [ INFO ]  排序后的数组：6
2016-08-23 22:58:13  [ main:0 ] - [ INFO ]  要排序的数组：[8, 9, 5, 1, 8, 6, 3, 4, 2, 0]
2016-08-23 22:58:28  [ main:0 ] - [ INFO ]  要排序的数组：[8, 9, 5, 1, 8, 6, 3, 4, 2, 0]
2016-08-23 22:58:28  [ main:0 ] - [ INFO ]  排序后的数组：5
2016-08-23 22:58:30  [ main:0 ] - [ INFO ]  要排序的数组：[8, 9, 5, 1, 8, 6, 3, 4, 2, 0]
2016-08-23 22:58:30  [ main:15 ] - [ INFO ]  排序后的数组：6
2016-08-23 22:58:32  [ main:0 ] - [ INFO ]  要排序的数组：[8, 9, 5, 1, 8, 6, 3, 4, 2, 0]
2016-08-23 22:58:32  [ main:0 ] - [ INFO ]  排序后的数组：5
2016-08-23 22:58:33  [ main:0 ] - [ INFO ]  要排序的数组：[8, 9, 5, 1, 8, 6, 3, 4, 2, 0]
2016-08-23 22:58:34  [ main:0 ] - [ INFO ]  要排序的数组：[8, 9, 5, 1, 8, 6, 3, 4, 2, 0]
2016-08-23 22:58:34  [ main:0 ] - [ INFO ]  排序后的数组：5
2016-08-23 22:59:47  [ main:16 ] - [ INFO ]  要排序的数组：[8, 9, 5, 1, 8, 6, 3, 4, 2, 0]
2016-08-23 22:59:50  [ main:0 ] - [ INFO ]  要排序的数组：[8, 9, 5, 1, 8, 6, 3, 4, 2, 0]
2016-08-23 22:59:51  [ main:0 ] - [ INFO ]  要排序的数组：[8, 9, 5, 1, 8, 6, 3, 4, 2, 0]
2016-08-23 22:59:53  [ main:0 ] - [ INFO ]  要排序的数组：[8, 9, 5, 1, 8, 6, 3, 4, 2, 0]
2016-08-23 23:00:09  [ main:0 ] - [ INFO ]  要排序的数组：[8, 9, 5, 1, 8, 6, 3, 4, 2, 0]
2016-08-23 23:00:25  [ main:0 ] - [ INFO ]  要排序的数组：[8, 9, 5, 1, 8, 6, 3, 4, 2, 0]
2016-08-23 23:01:59  [ main:0 ] - [ INFO ]  要排序的数组：[8, 9, 5, 1, 8, 6, 3, 4, 2, 0]
2016-08-23 23:01:59  [ main:0 ] - [ INFO ]  排序后的数组：5
2016-08-23 23:02:19  [ main:0 ] - [ INFO ]  要排序的数组：[8, 9, 5, 1, 8, 6, 3, 4, 2, 0]
2016-08-23 23:02:19  [ main:0 ] - [ INFO ]  排序后的数组：6
2016-08-23 23:02:26  [ main:0 ] - [ INFO ]  要排序的数组：[8, 9, 5, 1, 8, 6, 3, 4, 2, 0]
2016-08-23 23:02:26  [ main:0 ] - [ INFO ]  排序后的数组：8
2016-08-23 23:02:31  [ main:0 ] - [ INFO ]  要排序的数组：[8, 9, 5, 1, 8, 6, 3, 4, 2, 0]
2016-08-23 23:02:31  [ main:0 ] - [ INFO ]  排序后的数组：8
2016-08-23 23:02:44  [ main:0 ] - [ INFO ]  要排序的数组：[8, 9, 5, 1, 8, 6, 3, 4, 2, 0]
2016-08-23 23:02:49  [ main:0 ] - [ INFO ]  要排序的数组：[8, 9, 5, 1, 8, 6, 3, 4, 2, 0]
2016-08-23 23:03:09  [ main:0 ] - [ INFO ]  要排序的数组：[8, 9, 5, 1, 8, 6, 3, 4, 2, 0]
2016-08-23 23:05:04  [ main:114867 ] - [ INFO ]  排序后的数组：9
2016-08-23 23:05:16  [ main:0 ] - [ INFO ]  要排序的数组：[8, 9, 5, 1, 8, 6, 3, 4, 2, 0]
2016-08-23 23:05:40  [ main:0 ] - [ INFO ]  要排序的数组：[8, 9, 5, 1, 8, 6, 3, 4, 2, 0]
2016-08-23 23:05:40  [ main:0 ] - [ INFO ]  排序后的数组：9
2016-08-23 23:05:42  [ main:0 ] - [ INFO ]  要排序的数组：[8, 9, 5, 1, 8, 6, 3, 4, 2, 0]
2016-08-23 23:06:14  [ main:0 ] - [ INFO ]  要排序的数组：[8, 9, 5, 1, 8, 6, 3, 4, 2, 0]
2016-08-23 23:06:21  [ main:0 ] - [ INFO ]  要排序的数组：[8, 9, 5, 1, 8, 6, 3, 4, 2, 0]
2016-08-23 23:06:23  [ main:0 ] - [ INFO ]  要排序的数组：[8, 9, 5, 1, 8, 6, 3, 4, 2, 0]
2016-08-23 23:06:24  [ main:0 ] - [ INFO ]  要排序的数组：[8, 9, 5, 1, 8, 6, 3, 4, 2, 0]
2016-08-23 23:06:24  [ main:0 ] - [ INFO ]  排序后的数组：9
2016-08-23 23:07:00  [ main:0 ] - [ INFO ]  要排序的数组：[8, 9, 5, 1, 8, 6, 3, 4, 2, 0]
2016-08-23 23:07:27  [ main:0 ] - [ INFO ]  要排序的数组：[8, 9, 5, 1, 8, 6, 3, 4, 2, 0]
2016-08-23 23:09:02  [ main:95409 ] - [ INFO ]  排序后的数组：8
2016-08-23 23:09:13  [ main:0 ] - [ INFO ]  要排序的数组：[8, 9, 5, 1, 8, 6, 3, 4, 2, 0]
2016-08-23 23:09:13  [ main:0 ] - [ INFO ]  排序后的数组：8
2016-08-23 23:09:15  [ main:0 ] - [ INFO ]  要排序的数组：[8, 9, 5, 1, 8, 6, 3, 4, 2, 0]
2016-08-23 23:09:15  [ main:0 ] - [ INFO ]  排序后的数组：8
2016-08-23 23:09:17  [ main:0 ] - [ INFO ]  要排序的数组：[8, 9, 5, 1, 8, 6, 3, 4, 2, 0]
2016-08-23 23:09:17  [ main:0 ] - [ INFO ]  排序后的数组：8
2016-08-23 23:09:18  [ main:0 ] - [ INFO ]  要排序的数组：[8, 9, 5, 1, 8, 6, 3, 4, 2, 0]
2016-08-23 23:09:18  [ main:0 ] - [ INFO ]  排序后的数组：8
2016-08-23 23:09:19  [ main:0 ] - [ INFO ]  要排序的数组：[8, 9, 5, 1, 8, 6, 3, 4, 2, 0]
2016-08-23 23:09:32  [ main:0 ] - [ INFO ]  要排序的数组：[8, 9, 5, 1, 8, 6, 3, 4, 2, 0]
2016-08-23 23:11:09  [ main:0 ] - [ INFO ]  要排序的数组：[8, 9, 5, 1, 8, 6, 3, 4, 2, 0]
2016-08-23 23:11:09  [ main:0 ] - [ INFO ]  排序后的数组：8
2016-08-23 23:11:11  [ main:0 ] - [ INFO ]  要排序的数组：[8, 9, 5, 1, 8, 6, 3, 4, 2, 0]
2016-08-23 23:11:45  [ main:0 ] - [ INFO ]  要排序的数组：[8, 9, 5, 1, 8, 6, 3, 4, 2, 0]
2016-08-23 23:12:14  [ main:0 ] - [ INFO ]  要排序的数组：[8, 9, 5, 1, 8, 6, 3, 4, 2, 0]
2016-08-23 23:12:14  [ main:0 ] - [ INFO ]  排序后的数组：8
2016-08-23 23:12:17  [ main:0 ] - [ INFO ]  要排序的数组：[8, 9, 5, 1, 8, 6, 3, 4, 2, 0]
2016-08-23 23:12:19  [ main:0 ] - [ INFO ]  要排序的数组：[8, 9, 5, 1, 8, 6, 3, 4, 2, 0]
2016-08-23 23:12:19  [ main:0 ] - [ INFO ]  排序后的数组：8
2016-08-23 23:14:04  [ main:0 ] - [ INFO ]  要排序的数组：[8, 9, 5, 1, 8, 6, 3, 4, 2, 0]
2016-08-23 23:14:06  [ main:0 ] - [ INFO ]  要排序的数组：[8, 9, 5, 1, 8, 6, 3, 4, 2, 0]
2016-08-23 23:17:02  [ main:0 ] - [ INFO ]  要排序的数组：[8, 9, 5, 1, 8, 6, 3, 4, 2, 0]
2016-08-23 23:17:10  [ main:0 ] - [ INFO ]  要排序的数组：[8, 9, 5, 1, 8, 6, 3, 4, 2, 0]
2016-08-23 23:17:11  [ main:0 ] - [ INFO ]  要排序的数组：[8, 9, 5, 1, 8, 6, 3, 4, 2, 0]
2016-08-23 23:17:12  [ main:0 ] - [ INFO ]  要排序的数组：[8, 9, 5, 1, 8, 6, 3, 4, 2, 0]
2016-08-23 23:17:12  [ main:0 ] - [ INFO ]  排序后的数组：8
2016-08-23 23:17:16  [ main:0 ] - [ INFO ]  要排序的数组：[8, 9, 5, 1, 8, 6, 3, 4, 2, 0]
2016-08-23 23:17:18  [ main:0 ] - [ INFO ]  要排序的数组：[8, 9, 5, 1, 8, 6, 3, 4, 2, 0]
2016-08-23 23:17:18  [ main:0 ] - [ INFO ]  排序后的数组：8
2016-08-23 23:17:42  [ main:0 ] - [ INFO ]  要排序的数组：[8, 9, 5, 1, 8, 6, 3, 4, 2, 0]
2016-08-23 23:17:45  [ main:0 ] - [ INFO ]  要排序的数组：[8, 9, 5, 1, 8, 6, 3, 4, 2, 0]
2016-08-23 23:17:46  [ main:0 ] - [ INFO ]  要排序的数组：[8, 9, 5, 1, 8, 6, 3, 4, 2, 0]
2016-08-23 23:17:46  [ main:0 ] - [ INFO ]  排序后的数组：8
2016-08-23 23:19:41  [ main:0 ] - [ INFO ]  要排序的数组：[8, 9, 5, 1, 8, 6, 3, 4, 2, 0]
2016-08-23 23:19:41  [ main:0 ] - [ INFO ]  第5小的元素是4
2016-08-23 23:20:03  [ main:0 ] - [ INFO ]  要排序的数组：[8, 9, 5, 1, 8, 6, 3, 4, 2, 0]
2016-08-23 23:20:03  [ main:0 ] - [ INFO ]  第5小的元素是4
2016-08-23 23:20:04  [ main:0 ] - [ INFO ]  要排序的数组：[8, 9, 5, 1, 8, 6, 3, 4, 2, 0]
2016-08-23 23:20:04  [ main:0 ] - [ INFO ]  第5小的元素是4
2016-08-23 23:20:05  [ main:0 ] - [ INFO ]  要排序的数组：[8, 9, 5, 1, 8, 6, 3, 4, 2, 0]
2016-08-23 23:20:05  [ main:0 ] - [ INFO ]  第5小的元素是4
2016-08-23 23:20:07  [ main:0 ] - [ INFO ]  要排序的数组：[8, 9, 5, 1, 8, 6, 3, 4, 2, 0]
2016-08-23 23:20:07  [ main:0 ] - [ INFO ]  第5小的元素是4
2016-08-23 23:20:08  [ main:0 ] - [ INFO ]  要排序的数组：[8, 9, 5, 1, 8, 6, 3, 4, 2, 0]
2016-08-23 23:20:08  [ main:0 ] - [ INFO ]  第5小的元素是4
